#
# A fatal error has been detected by the Java Runtime Environment:
#
#  EXCEPTION_ACCESS_VIOLATION (0xc0000005) at pc=0x61a1e25e, pid=6380, tid=3516
#
# JRE version: Java(TM) SE Runtime Environment (8.0_72-b15) (build 1.8.0_72-b15)
# Java VM: Java HotSpot(TM) Client VM (25.72-b15 mixed mode windows-x86 )
# Problematic frame:
# C  [ig8icd32.dll+0x43e25e]
#
# Failed to write core dump. Minidumps are not enabled by default on client versions of Windows
#
# If you would like to submit a bug report, please visit:
#   http://bugreport.java.com/bugreport/crash.jsp
# The crash happened outside the Java Virtual Machine in native code.
# See problematic frame for where to report the bug.
#

---------------  T H R E A D  ---------------

Current thread (0x15ef1400):  JavaThread "AWT-EventQueue-0" [_thread_in_native, id=3516, stack(0x158d0000,0x15920000)]

siginfo: ExceptionCode=0xc0000005, reading address 0x00000000

Registers:
EAX=0x00000000, EBX=0x4b810b00, ECX=0x00000006, EDX=0x0084efc0
ESP=0x1591e5d4, EBP=0x1591e5e8, ESI=0x4b810bd8, EDI=0x18800020
EIP=0x61a1e25e, EFLAGS=0x00010246

Top of Stack: (sp=0x1591e5d4)
0x1591e5d4:   18800020 0086db40 4b810bd8 4b810c0c
0x1591e5e4:   0084efc0 1591e608 61a1df8b 00000000
0x1591e5f4:   188510a0 4b9ce364 00834d40 61a16915
0x1591e604:   4b73b6b8 1591e61c 617c8af9 18800020
0x1591e614:   4b810bd8 4b8f2bd4 1591e650 61665dac
0x1591e624:   18800020 4b8f2b78 00000000 173538c8
0x1591e634:   6168996b 000027f1 615e26e5 0086db40
0x1591e644:   00000000 00000000 173538c8 1591e66c 

Instructions: (pc=0x61a1e25e)
0x61a1e23e:   83 b8 98 02 00 00 01 74 0a 8d 47 0c 50 ff 15 2c
0x61a1e24e:   22 a9 61 5f 8b e5 5d c2 08 00 8b 82 7c a6 01 00
0x61a1e25e:   8b 08 8b 40 04 39 46 0c 0f 87 78 ff ff ff 72 09
0x61a1e26e:   39 4e 08 0f 87 6d ff ff ff 8b 82 7c a6 01 00 8b 


Register to memory mapping:

EAX=0x00000000 is an unknown value
EBX=0x4b810b00 is an unknown value
ECX=0x00000006 is an unknown value
EDX=0x0084efc0 is an unknown value
ESP=0x1591e5d4 is pointing into the stack for thread: 0x15ef1400
EBP=0x1591e5e8 is pointing into the stack for thread: 0x15ef1400
ESI=0x4b810bd8 is an unknown value
EDI=0x18800020 is an unknown value


Stack: [0x158d0000,0x15920000],  sp=0x1591e5d4,  free space=313k
Native frames: (J=compiled Java code, j=interpreted, Vv=VM code, C=native code)
C  [ig8icd32.dll+0x43e25e]
C  [ig8icd32.dll+0x43df8b]
C  [ig8icd32.dll+0x1e8af9]
C  [ig8icd32.dll+0x85dac]
C  [ig8icd32.dll+0x40dc]
C  [OpenGL32.dll+0x3b97c]
C  [jogl_desktop.dll+0x534af]
j  jogamp.opengl.windows.wgl.WGL.dispatch_wglDeleteContext0(JJ)Z+0
j  jogamp.opengl.windows.wgl.WGL.wglDeleteContext(J)Z+37
j  jogamp.opengl.windows.wgl.WindowsWGLContext.destroyImpl()V+10
j  jogamp.opengl.GLContextImpl.destroy()V+387
j  jogamp.opengl.GLDrawableHelper.disposeGL(Lcom/jogamp/opengl/GLAutoDrawable;Lcom/jogamp/opengl/GLContext;Z)V+137
j  com.jogamp.opengl.awt.GLCanvas$8.run()V+170
J 1110 C1 com.jogamp.opengl.Threading.invoke(ZLjava/lang/Runnable;Ljava/lang/Object;)V (33 bytes) @ 0x029f547c [0x029f5430+0x4c]
j  com.jogamp.opengl.awt.GLCanvas.destroyImpl(Z)V+9
j  com.jogamp.opengl.awt.GLCanvas$2.run()V+5
j  com.jogamp.nativewindow.awt.AWTWindowClosingProtocol$WindowClosingAdapter.windowClosing(Ljava/awt/event/WindowEvent;)V+22
j  java.awt.Window.processWindowEvent(Ljava/awt/event/WindowEvent;)V+68
j  javax.swing.JFrame.processWindowEvent(Ljava/awt/event/WindowEvent;)V+2
j  java.awt.Window.processEvent(Ljava/awt/AWTEvent;)V+69
j  java.awt.Component.dispatchEventImpl(Ljava/awt/AWTEvent;)V+589
j  java.awt.Container.dispatchEventImpl(Ljava/awt/AWTEvent;)V+42
j  java.awt.Window.dispatchEventImpl(Ljava/awt/AWTEvent;)V+19
J 980 C1 java.awt.EventQueue.dispatchEventImpl(Ljava/awt/AWTEvent;Ljava/lang/Object;)V (149 bytes) @ 0x029bf2a0 [0x029bee50+0x450]
J 977 C1 java.awt.EventQueue$3.run()Ljava/lang/Void; (60 bytes) @ 0x029be5dc [0x029be580+0x5c]
J 976 C1 java.awt.EventQueue$3.run()Ljava/lang/Object; (5 bytes) @ 0x029be360 [0x029be340+0x20]
v  ~StubRoutines::call_stub
V  [jvm.dll+0x158f95]
V  [jvm.dll+0x21e54e]
V  [jvm.dll+0x15902e]
V  [jvm.dll+0x1098df]
C  [java.dll+0x102f]
J 958 C1 java.security.ProtectionDomain$JavaSecurityAccessImpl.doIntersectionPrivilege(Ljava/security/PrivilegedAction;Ljava/security/AccessControlContext;Ljava/security/AccessControlContext;)Ljava/lang/Object; (22 bytes) @ 0x029b8ec0 [0x029b8dc0+0x100]
j  java.security.ProtectionDomain$JavaSecurityAccessImpl.doIntersectionPrivilege(Ljava/security/PrivilegedAction;Ljava/security/AccessControlContext;)Ljava/lang/Object;+6
j  java.awt.EventQueue$4.run()Ljava/lang/Void;+11
j  java.awt.EventQueue$4.run()Ljava/lang/Object;+1
v  ~StubRoutines::call_stub
V  [jvm.dll+0x158f95]
V  [jvm.dll+0x21e54e]
V  [jvm.dll+0x15902e]
V  [jvm.dll+0x1098df]
C  [java.dll+0x102f]
J 972 C1 java.awt.EventQueue.dispatchEvent(Ljava/awt/AWTEvent;)V (80 bytes) @ 0x029bcfdc [0x029bcc80+0x35c]
J 836 C1 java.awt.EventDispatchThread.pumpOneEventForFilters(I)V (295 bytes) @ 0x02991854 [0x029911c0+0x694]
j  java.awt.EventDispatchThread.pumpEventsForFilter(ILjava/awt/Conditional;Ljava/awt/EventFilter;)V+35
j  java.awt.EventDispatchThread.pumpEventsForHierarchy(ILjava/awt/Conditional;Ljava/awt/Component;)V+11
j  java.awt.EventDispatchThread.pumpEvents(ILjava/awt/Conditional;)V+4
j  java.awt.EventDispatchThread.pumpEvents(Ljava/awt/Conditional;)V+3
j  java.awt.EventDispatchThread.run()V+9
v  ~StubRoutines::call_stub
V  [jvm.dll+0x158f95]
V  [jvm.dll+0x21e54e]
V  [jvm.dll+0x15902e]
V  [jvm.dll+0x1591b6]
V  [jvm.dll+0x159227]
V  [jvm.dll+0xfd9ef]
V  [jvm.dll+0x17c34c]
V  [jvm.dll+0x17c43a]
V  [jvm.dll+0x1c0a76]
C  [MSVCR100.dll+0x5c556]
C  [MSVCR100.dll+0x5c600]
C  [kernel32.dll+0x1336a]
C  [ntdll.dll+0x39902]
C  [ntdll.dll+0x398d5]
C  0x00000000

Java frames: (J=compiled Java code, j=interpreted, Vv=VM code)
j  jogamp.opengl.windows.wgl.WGL.dispatch_wglDeleteContext0(JJ)Z+0
j  jogamp.opengl.windows.wgl.WGL.wglDeleteContext(J)Z+37
j  jogamp.opengl.windows.wgl.WindowsWGLContext.destroyImpl()V+10
j  jogamp.opengl.GLContextImpl.destroy()V+387
j  jogamp.opengl.GLDrawableHelper.disposeGL(Lcom/jogamp/opengl/GLAutoDrawable;Lcom/jogamp/opengl/GLContext;Z)V+137
j  com.jogamp.opengl.awt.GLCanvas$8.run()V+170
J 1110 C1 com.jogamp.opengl.Threading.invoke(ZLjava/lang/Runnable;Ljava/lang/Object;)V (33 bytes) @ 0x029f547c [0x029f5430+0x4c]
j  com.jogamp.opengl.awt.GLCanvas.destroyImpl(Z)V+9
j  com.jogamp.opengl.awt.GLCanvas$2.run()V+5
j  com.jogamp.nativewindow.awt.AWTWindowClosingProtocol$WindowClosingAdapter.windowClosing(Ljava/awt/event/WindowEvent;)V+22
j  java.awt.Window.processWindowEvent(Ljava/awt/event/WindowEvent;)V+68
j  javax.swing.JFrame.processWindowEvent(Ljava/awt/event/WindowEvent;)V+2
j  java.awt.Window.processEvent(Ljava/awt/AWTEvent;)V+69
j  java.awt.Component.dispatchEventImpl(Ljava/awt/AWTEvent;)V+589
j  java.awt.Container.dispatchEventImpl(Ljava/awt/AWTEvent;)V+42
j  java.awt.Window.dispatchEventImpl(Ljava/awt/AWTEvent;)V+19
J 980 C1 java.awt.EventQueue.dispatchEventImpl(Ljava/awt/AWTEvent;Ljava/lang/Object;)V (149 bytes) @ 0x029bf2a0 [0x029bee50+0x450]
J 977 C1 java.awt.EventQueue$3.run()Ljava/lang/Void; (60 bytes) @ 0x029be5dc [0x029be580+0x5c]
J 976 C1 java.awt.EventQueue$3.run()Ljava/lang/Object; (5 bytes) @ 0x029be360 [0x029be340+0x20]
v  ~StubRoutines::call_stub
J 952  java.security.AccessController.doPrivileged(Ljava/security/PrivilegedAction;Ljava/security/AccessControlContext;)Ljava/lang/Object; (0 bytes) @ 0x029b7dc7 [0x029b7d60+0x67]
J 958 C1 java.security.ProtectionDomain$JavaSecurityAccessImpl.doIntersectionPrivilege(Ljava/security/PrivilegedAction;Ljava/security/AccessControlContext;Ljava/security/AccessControlContext;)Ljava/lang/Object; (22 bytes) @ 0x029b8ec0 [0x029b8dc0+0x100]
j  java.security.ProtectionDomain$JavaSecurityAccessImpl.doIntersectionPrivilege(Ljava/security/PrivilegedAction;Ljava/security/AccessControlContext;)Ljava/lang/Object;+6
j  java.awt.EventQueue$4.run()Ljava/lang/Void;+11
j  java.awt.EventQueue$4.run()Ljava/lang/Object;+1
v  ~StubRoutines::call_stub
J 952  java.security.AccessController.doPrivileged(Ljava/security/PrivilegedAction;Ljava/security/AccessControlContext;)Ljava/lang/Object; (0 bytes) @ 0x029b7dc7 [0x029b7d60+0x67]
J 972 C1 java.awt.EventQueue.dispatchEvent(Ljava/awt/AWTEvent;)V (80 bytes) @ 0x029bcfdc [0x029bcc80+0x35c]
J 836 C1 java.awt.EventDispatchThread.pumpOneEventForFilters(I)V (295 bytes) @ 0x02991854 [0x029911c0+0x694]
j  java.awt.EventDispatchThread.pumpEventsForFilter(ILjava/awt/Conditional;Ljava/awt/EventFilter;)V+35
j  java.awt.EventDispatchThread.pumpEventsForHierarchy(ILjava/awt/Conditional;Ljava/awt/Component;)V+11
j  java.awt.EventDispatchThread.pumpEvents(ILjava/awt/Conditional;)V+4
j  java.awt.EventDispatchThread.pumpEvents(Ljava/awt/Conditional;)V+3
j  java.awt.EventDispatchThread.run()V+9
v  ~StubRoutines::call_stub

---------------  P R O C E S S  ---------------

Java Threads: ( => current thread )
  0x16943800 JavaThread "AWT-EventQueue-0-AWTAnimator#00" [_thread_blocked, id=6160, stack(0x1b070000,0x1b0c0000)]
  0x0241d800 JavaThread "DestroyJavaVM" [_thread_blocked, id=6404, stack(0x024d0000,0x02520000)]
  0x1617fc00 JavaThread "main-SharedResourceRunner" daemon [_thread_blocked, id=5228, stack(0x15430000,0x15480000)]
=>0x15ef1400 JavaThread "AWT-EventQueue-0" [_thread_in_native, id=3516, stack(0x158d0000,0x15920000)]
  0x15ef7c00 JavaThread "AWT-Shutdown" [_thread_blocked, id=5020, stack(0x151e0000,0x15230000)]
  0x15027000 JavaThread "AWT-Windows" daemon [_thread_in_native, id=4236, stack(0x15a80000,0x15ad0000)]
  0x15024000 JavaThread "Java2D Disposer" daemon [_thread_blocked, id=3900, stack(0x15860000,0x158b0000)]
  0x14e94400 JavaThread "Service Thread" daemon [_thread_blocked, id=5628, stack(0x15700000,0x15750000)]
  0x14e9cc00 JavaThread "C1 CompilerThread0" daemon [_thread_blocked, id=3360, stack(0x155d0000,0x15620000)]
  0x14e9c000 JavaThread "Attach Listener" daemon [_thread_blocked, id=5224, stack(0x15490000,0x154e0000)]
  0x14e99000 JavaThread "Signal Dispatcher" daemon [_thread_blocked, id=5124, stack(0x15180000,0x151d0000)]
  0x14e77000 JavaThread "Finalizer" daemon [_thread_blocked, id=6008, stack(0x15230000,0x15280000)]
  0x14e51800 JavaThread "Reference Handler" daemon [_thread_blocked, id=3696, stack(0x15130000,0x15180000)]

Other Threads:
  0x023fec00 VMThread [stack: 0x14c90000,0x14ce0000] [id=4240]
  0x14e96000 WatcherThread [stack: 0x15680000,0x156d0000] [id=4440]

VM state:not at safepoint (normal execution)

VM Mutex/Monitor currently owned by a thread: None

Heap:
 def new generation   total 4928K, used 400K [0x04800000, 0x04d50000, 0x09d50000)
  eden space 4416K,   3% used [0x04800000, 0x04827600, 0x04c50000)
  from space 512K,  47% used [0x04cd0000, 0x04d0cbc8, 0x04d50000)
  to   space 512K,   0% used [0x04c50000, 0x04c50000, 0x04cd0000)
 tenured generation   total 10944K, used 7263K [0x09d50000, 0x0a800000, 0x14800000)
   the space 10944K,  66% used [0x09d50000, 0x0a467e90, 0x0a468000, 0x0a800000)
 Metaspace       used 10056K, capacity 10261K, committed 10368K, reserved 10624K

Card table byte_map: [0x02420000,0x024b0000] byte_map_base: 0x023fc000

Polling page: 0x001f0000

CodeCache: size=32768Kb used=2339Kb max_used=2339Kb free=30428Kb
 bounds [0x027f0000, 0x02a40000, 0x047f0000]
 total_blobs=1726 nmethods=1296 adapters=361
 compilation: enabled

Compilation events (10 events):
Event: 8.189 Thread 0x14e9cc00 1292             jogamp.opengl.windows.wgl.WindowsWGLContext::wglReleaseContext (101 bytes)
Event: 8.190 Thread 0x14e9cc00 nmethod 1292 0x02a36608 code [0x02a36730, 0x02a368c0]
Event: 8.190 Thread 0x14e9cc00 1293             jogamp.opengl.windows.wgl.WindowsWGLContext::makeCurrentImpl (126 bytes)
Event: 8.192 Thread 0x14e9cc00 nmethod 1293 0x02a36a08 code [0x02a36ce0, 0x02a3774c]
Event: 10.725 Thread 0x14e9cc00 1294 %           java.lang.ref.Reference$ReferenceHandler::run @ 0 (8 bytes)
Event: 10.725 Thread 0x14e9cc00 nmethod 1294% 0x02a382c8 code [0x02a383d0, 0x02a3847c]
Event: 11.909 Thread 0x14e9cc00 1295             java.util.concurrent.locks.AbstractQueuedSynchronizer$Node::<init> (15 bytes)
Event: 11.910 Thread 0x14e9cc00 nmethod 1295 0x02a38508 code [0x02a38600, 0x02a386a0]
Event: 14.140 Thread 0x14e9cc00 1296             java.util.concurrent.locks.AbstractQueuedSynchronizer::addWaiter (50 bytes)
Event: 14.140 Thread 0x14e9cc00 nmethod 1296 0x02a38708 code [0x02a38810, 0x02a389ac]

GC Heap History (10 events):
Event: 17.108 GC heap before
{Heap before GC invocations=140 (full 0):
 def new generation   total 4928K, used 4658K [0x04800000, 0x04d50000, 0x09d50000)
  eden space 4416K, 100% used [0x04800000, 0x04c50000, 0x04c50000)
  from space 512K,  47% used [0x04c50000, 0x04c8c978, 0x04cd0000)
  to   space 512K,   0% used [0x04cd0000, 0x04cd0000, 0x04d50000)
 tenured generation   total 10944K, used 7236K [0x09d50000, 0x0a800000, 0x14800000)
   the space 10944K,  66% used [0x09d50000, 0x0a461130, 0x0a461200, 0x0a800000)
 Metaspace       used 10056K, capacity 10261K, committed 10368K, reserved 10624K
Event: 17.110 GC heap after
Heap after GC invocations=141 (full 0):
 def new generation   total 4928K, used 242K [0x04800000, 0x04d50000, 0x09d50000)
  eden space 4416K,   0% used [0x04800000, 0x04800000, 0x04c50000)
  from space 512K,  47% used [0x04cd0000, 0x04d0cbc8, 0x04d50000)
  to   space 512K,   0% used [0x04c50000, 0x04c50000, 0x04cd0000)
 tenured generation   total 10944K, used 7241K [0x09d50000, 0x0a800000, 0x14800000)
   the space 10944K,  66% used [0x09d50000, 0x0a462710, 0x0a462800, 0x0a800000)
 Metaspace       used 10056K, capacity 10261K, committed 10368K, reserved 10624K
}
Event: 17.220 GC heap before
{Heap before GC invocations=141 (full 0):
 def new generation   total 4928K, used 4658K [0x04800000, 0x04d50000, 0x09d50000)
  eden space 4416K, 100% used [0x04800000, 0x04c50000, 0x04c50000)
  from space 512K,  47% used [0x04cd0000, 0x04d0cbc8, 0x04d50000)
  to   space 512K,   0% used [0x04c50000, 0x04c50000, 0x04cd0000)
 tenured generation   total 10944K, used 7241K [0x09d50000, 0x0a800000, 0x14800000)
   the space 10944K,  66% used [0x09d50000, 0x0a462710, 0x0a462800, 0x0a800000)
 Metaspace       used 10056K, capacity 10261K, committed 10368K, reserved 10624K
Event: 17.222 GC heap after
Heap after GC invocations=142 (full 0):
 def new generation   total 4928K, used 242K [0x04800000, 0x04d50000, 0x09d50000)
  eden space 4416K,   0% used [0x04800000, 0x04800000, 0x04c50000)
  from space 512K,  47% used [0x04c50000, 0x04c8cbc8, 0x04cd0000)
  to   space 512K,   0% used [0x04cd0000, 0x04cd0000, 0x04d50000)
 tenured generation   total 10944K, used 7247K [0x09d50000, 0x0a800000, 0x14800000)
   the space 10944K,  66% used [0x09d50000, 0x0a463cf0, 0x0a463e00, 0x0a800000)
 Metaspace       used 10056K, capacity 10261K, committed 10368K, reserved 10624K
}
Event: 17.331 GC heap before
{Heap before GC invocations=142 (full 0):
 def new generation   total 4928K, used 4658K [0x04800000, 0x04d50000, 0x09d50000)
  eden space 4416K, 100% used [0x04800000, 0x04c50000, 0x04c50000)
  from space 512K,  47% used [0x04c50000, 0x04c8cbc8, 0x04cd0000)
  to   space 512K,   0% used [0x04cd0000, 0x04cd0000, 0x04d50000)
 tenured generation   total 10944K, used 7247K [0x09d50000, 0x0a800000, 0x14800000)
   the space 10944K,  66% used [0x09d50000, 0x0a463cf0, 0x0a463e00, 0x0a800000)
 Metaspace       used 10056K, capacity 10261K, committed 10368K, reserved 10624K
Event: 17.334 GC heap after
Heap after GC invocations=143 (full 0):
 def new generation   total 4928K, used 242K [0x04800000, 0x04d50000, 0x09d50000)
  eden space 4416K,   0% used [0x04800000, 0x04800000, 0x04c50000)
  from space 512K,  47% used [0x04cd0000, 0x04d0cbc8, 0x04d50000)
  to   space 512K,   0% used [0x04c50000, 0x04c50000, 0x04cd0000)
 tenured generation   total 10944K, used 7252K [0x09d50000, 0x0a800000, 0x14800000)
   the space 10944K,  66% used [0x09d50000, 0x0a4652d0, 0x0a465400, 0x0a800000)
 Metaspace       used 10056K, capacity 10261K, committed 10368K, reserved 10624K
}
Event: 17.438 GC heap before
{Heap before GC invocations=143 (full 0):
 def new generation   total 4928K, used 4658K [0x04800000, 0x04d50000, 0x09d50000)
  eden space 4416K, 100% used [0x04800000, 0x04c50000, 0x04c50000)
  from space 512K,  47% used [0x04cd0000, 0x04d0cbc8, 0x04d50000)
  to   space 512K,   0% used [0x04c50000, 0x04c50000, 0x04cd0000)
 tenured generation   total 10944K, used 7252K [0x09d50000, 0x0a800000, 0x14800000)
   the space 10944K,  66% used [0x09d50000, 0x0a4652d0, 0x0a465400, 0x0a800000)
 Metaspace       used 10056K, capacity 10261K, committed 10368K, reserved 10624K
Event: 17.440 GC heap after
Heap after GC invocations=144 (full 0):
 def new generation   total 4928K, used 242K [0x04800000, 0x04d50000, 0x09d50000)
  eden space 4416K,   0% used [0x04800000, 0x04800000, 0x04c50000)
  from space 512K,  47% used [0x04c50000, 0x04c8cbc8, 0x04cd0000)
  to   space 512K,   0% used [0x04cd0000, 0x04cd0000, 0x04d50000)
 tenured generation   total 10944K, used 7258K [0x09d50000, 0x0a800000, 0x14800000)
   the space 10944K,  66% used [0x09d50000, 0x0a4668b0, 0x0a466a00, 0x0a800000)
 Metaspace       used 10056K, capacity 10261K, committed 10368K, reserved 10624K
}
Event: 17.545 GC heap before
{Heap before GC invocations=144 (full 0):
 def new generation   total 4928K, used 4658K [0x04800000, 0x04d50000, 0x09d50000)
  eden space 4416K, 100% used [0x04800000, 0x04c50000, 0x04c50000)
  from space 512K,  47% used [0x04c50000, 0x04c8cbc8, 0x04cd0000)
  to   space 512K,   0% used [0x04cd0000, 0x04cd0000, 0x04d50000)
 tenured generation   total 10944K, used 7258K [0x09d50000, 0x0a800000, 0x14800000)
   the space 10944K,  66% used [0x09d50000, 0x0a4668b0, 0x0a466a00, 0x0a800000)
 Metaspace       used 10056K, capacity 10261K, committed 10368K, reserved 10624K
Event: 17.546 GC heap after
Heap after GC invocations=145 (full 0):
 def new generation   total 4928K, used 242K [0x04800000, 0x04d50000, 0x09d50000)
  eden space 4416K,   0% used [0x04800000, 0x04800000, 0x04c50000)
  from space 512K,  47% used [0x04cd0000, 0x04d0cbc8, 0x04d50000)
  to   space 512K,   0% used [0x04c50000, 0x04c50000, 0x04cd0000)
 tenured generation   total 10944K, used 7263K [0x09d50000, 0x0a800000, 0x14800000)
   the space 10944K,  66% used [0x09d50000, 0x0a467e90, 0x0a468000, 0x0a800000)
 Metaspace       used 10056K, capacity 10261K, committed 10368K, reserved 10624K
}

Deoptimization events (0 events):
No events

Internal exceptions (10 events):
Event: 0.276 Thread 0x0241d800 Exception <a 'java/security/PrivilegedActionException'> (0x0491edc0) thrown at [D:\re\workspace\8-2-build-windows-i586-cygwin\jdk8u72\5732\hotspot\src\share\vm\prims\jvm.cpp, line 1386]
Event: 0.276 Thread 0x0241d800 Exception <a 'java/security/PrivilegedActionException'> (0x0491efc0) thrown at [D:\re\workspace\8-2-build-windows-i586-cygwin\jdk8u72\5732\hotspot\src\share\vm\prims\jvm.cpp, line 1386]
Event: 0.276 Thread 0x0241d800 Exception <a 'java/security/PrivilegedActionException'> (0x04937ba0) thrown at [D:\re\workspace\8-2-build-windows-i586-cygwin\jdk8u72\5732\hotspot\src\share\vm\prims\jvm.cpp, line 1386]
Event: 0.276 Thread 0x0241d800 Exception <a 'java/security/PrivilegedActionException'> (0x04937da0) thrown at [D:\re\workspace\8-2-build-windows-i586-cygwin\jdk8u72\5732\hotspot\src\share\vm\prims\jvm.cpp, line 1386]
Event: 0.282 Thread 0x0241d800 Exception <a 'java/io/FileNotFoundException'> (0x0493a778) thrown at [D:\re\workspace\8-2-build-windows-i586-cygwin\jdk8u72\5732\hotspot\src\share\vm\prims\jni.cpp, line 709]
Event: 0.317 Thread 0x0241d800 Exception <a 'java/lang/NoSuchFieldError': method resolution failed> (0x049f5268) thrown at [D:\re\workspace\8-2-build-windows-i586-cygwin\jdk8u72\5732\hotspot\src\share\vm\prims\methodHandles.cpp, line 1146]
Event: 0.319 Thread 0x0241d800 Exception <a 'java/lang/NoSuchFieldError': method resolution failed> (0x04a01458) thrown at [D:\re\workspace\8-2-build-windows-i586-cygwin\jdk8u72\5732\hotspot\src\share\vm\prims\methodHandles.cpp, line 1146]
Event: 0.361 Thread 0x0241d800 Exception <a 'java/io/FileNotFoundException'> (0x04a89760) thrown at [D:\re\workspace\8-2-build-windows-i586-cygwin\jdk8u72\5732\hotspot\src\share\vm\prims\jni.cpp, line 709]
Event: 3.020 Thread 0x0241d800 Exception <a 'java/lang/InterruptedException'> (0x049e4fe0) thrown at [D:\re\workspace\8-2-build-windows-i586-cygwin\jdk8u72\5732\hotspot\src\share\vm\runtime\objectMonitor.cpp, line 1684]
Event: 3.090 Thread 0x0241d800 Exception <a 'java/lang/reflect/InvocationTargetException'> (0x04af7fc0) thrown at [D:\re\workspace\8-2-build-windows-i586-cygwin\jdk8u72\5732\hotspot\src\share\vm\runtime\reflection.cpp, line 1092]

Events (10 events):
Event: 17.108 Executing VM operation: GenCollectForAllocation
Event: 17.110 Executing VM operation: GenCollectForAllocation done
Event: 17.220 Executing VM operation: GenCollectForAllocation
Event: 17.222 Executing VM operation: GenCollectForAllocation done
Event: 17.331 Executing VM operation: GenCollectForAllocation
Event: 17.334 Executing VM operation: GenCollectForAllocation done
Event: 17.438 Executing VM operation: GenCollectForAllocation
Event: 17.440 Executing VM operation: GenCollectForAllocation done
Event: 17.545 Executing VM operation: GenCollectForAllocation
Event: 17.546 Executing VM operation: GenCollectForAllocation done


Dynamic libraries:
0x00330000 - 0x00363000 	C:\interne\Programme\Jdk8u72x86\bin\javaw.exe
0x77780000 - 0x77900000 	C:\WINDOWS\SysWOW64\ntdll.dll
0x759d0000 - 0x75ae0000 	C:\WINDOWS\syswow64\kernel32.dll
0x77330000 - 0x77377000 	C:\WINDOWS\syswow64\KERNELBASE.dll
0x73690000 - 0x736fe000 	C:\WINDOWS\SysWOW64\SYSFER.DLL
0x75690000 - 0x75731000 	C:\WINDOWS\syswow64\ADVAPI32.dll
0x76930000 - 0x769dc000 	C:\WINDOWS\syswow64\msvcrt.dll
0x75c60000 - 0x75c79000 	C:\WINDOWS\SysWOW64\sechost.dll
0x76f80000 - 0x77070000 	C:\WINDOWS\syswow64\RPCRT4.dll
0x75070000 - 0x750d0000 	C:\WINDOWS\syswow64\SspiCli.dll
0x75060000 - 0x7506c000 	C:\WINDOWS\syswow64\CRYPTBASE.dll
0x771f0000 - 0x772f0000 	C:\WINDOWS\syswow64\USER32.dll
0x76c20000 - 0x76cb0000 	C:\WINDOWS\syswow64\GDI32.dll
0x769e0000 - 0x769ea000 	C:\WINDOWS\syswow64\LPK.dll
0x76b40000 - 0x76bdd000 	C:\WINDOWS\syswow64\USP10.dll
0x727d0000 - 0x7296e000 	C:\WINDOWS\WinSxS\x86_microsoft.windows.common-controls_6595b64144ccf1df_6.0.7601.18837_none_41e855142bd5705d\COMCTL32.dll
0x76f20000 - 0x76f77000 	C:\WINDOWS\syswow64\SHLWAPI.dll
0x75c80000 - 0x75ce0000 	C:\WINDOWS\system32\IMM32.DLL
0x770f0000 - 0x771bc000 	C:\WINDOWS\syswow64\MSCTF.dll
0x61eb0000 - 0x62278000 	C:\interne\Programme\Jdk8u72x86\jre\bin\client\jvm.dll
0x71d80000 - 0x71d87000 	C:\WINDOWS\system32\WSOCK32.dll
0x772f0000 - 0x77325000 	C:\WINDOWS\syswow64\WS2_32.dll
0x76a80000 - 0x76a86000 	C:\WINDOWS\syswow64\NSI.dll
0x72a10000 - 0x72a42000 	C:\WINDOWS\system32\WINMM.dll
0x73120000 - 0x73129000 	C:\WINDOWS\system32\VERSION.dll
0x757e0000 - 0x757e5000 	C:\WINDOWS\syswow64\PSAPI.DLL
0x72fa0000 - 0x7305f000 	C:\WINDOWS\system32\MSVCR100.dll
0x74c90000 - 0x74c9c000 	C:\interne\Programme\Jdk8u72x86\jre\bin\verify.dll
0x74c60000 - 0x74c81000 	C:\interne\Programme\Jdk8u72x86\jre\bin\java.dll
0x74c40000 - 0x74c53000 	C:\interne\Programme\Jdk8u72x86\jre\bin\zip.dll
0x75ce0000 - 0x7692c000 	C:\WINDOWS\syswow64\SHELL32.dll
0x75af0000 - 0x75c4d000 	C:\WINDOWS\syswow64\ole32.dll
0x76be0000 - 0x76beb000 	C:\WINDOWS\syswow64\profapi.dll
0x62500000 - 0x62645000 	C:\interne\Programme\Jdk8u72x86\jre\bin\awt.dll
0x75740000 - 0x757d1000 	C:\WINDOWS\syswow64\OLEAUT32.dll
0x72970000 - 0x72983000 	C:\WINDOWS\system32\DWMAPI.DLL
0x72990000 - 0x72a10000 	C:\WINDOWS\system32\uxtheme.dll
0x021f0000 - 0x02211000 	C:\interne\Programme\Hardcopy\HcDLL2_38_Win32.dll
0x71910000 - 0x71927000 	C:\WINDOWS\system32\CRYPTSP.dll
0x718d0000 - 0x7190b000 	C:\WINDOWS\system32\rsaenh.dll
0x76bf0000 - 0x76c07000 	C:\WINDOWS\syswow64\USERENV.dll
0x74c20000 - 0x74c36000 	C:\interne\Programme\Jdk8u72x86\jre\bin\net.dll
0x71d40000 - 0x71d7c000 	C:\WINDOWS\system32\mswsock.dll
0x71bb0000 - 0x71bb6000 	C:\WINDOWS\System32\wship6.dll
0x720f0000 - 0x7210c000 	C:\WINDOWS\system32\IPHLPAPI.DLL
0x720e0000 - 0x720e7000 	C:\WINDOWS\system32\WINNSI.DLL
0x71b90000 - 0x71ba2000 	C:\WINDOWS\system32\dhcpcsvc.DLL
0x71b80000 - 0x71b8d000 	C:\WINDOWS\system32\dhcpcsvc6.DLL
0x74ca0000 - 0x74caf000 	C:\interne\Programme\Jdk8u72x86\jre\bin\nio.dll
0x72e30000 - 0x72e7c000 	C:\WINDOWS\system32\apphelp.dll
0x637c0000 - 0x637cb000 	C:\Users\xcg0754\AppData\Local\Temp\jogamp_0000\file_cache\jln83746528577186047\jln5089104113661721570\gluegen-rt.dll
0x74b60000 - 0x74b66000 	C:\interne\Programme\Jdk8u72x86\jre\bin\jawt.dll
0x6a440000 - 0x6a44b000 	C:\Users\xcg0754\AppData\Local\Temp\jogamp_0000\file_cache\jln83746528577186047\jln5089104113661721570\nativewindow_awt.dll
0x6c100000 - 0x6c10d000 	C:\Users\xcg0754\AppData\Local\Temp\jogamp_0000\file_cache\jln83746528577186047\jln5089104113661721570\nativewindow_win32.dll
0x6d060000 - 0x6d128000 	C:\WINDOWS\system32\OpenGL32.dll
0x74b00000 - 0x74b22000 	C:\WINDOWS\system32\GLU32.dll
0x62410000 - 0x624f7000 	C:\WINDOWS\system32\DDRAW.dll
0x74b70000 - 0x74b76000 	C:\WINDOWS\system32\DCIMAN32.dll
0x757f0000 - 0x7598d000 	C:\WINDOWS\syswow64\SETUPAPI.dll
0x771c0000 - 0x771e7000 	C:\WINDOWS\syswow64\CFGMGR32.dll
0x750d0000 - 0x750e2000 	C:\WINDOWS\syswow64\DEVOBJ.dll
0x64500000 - 0x6459d000 	C:\Users\xcg0754\AppData\Local\Temp\jogamp_0000\file_cache\jln83746528577186047\jln5089104113661721570\jogl_desktop.dll
0x6b7f0000 - 0x6b915000 	C:\Interne\Programme\Mozilla Firefox\libGLESv2.dll
0x61ce0000 - 0x61ea3000 	C:\WINDOWS\system32\d3d9.dll
0x74af0000 - 0x74af6000 	C:\WINDOWS\system32\d3d8thk.dll
0x6c520000 - 0x6c591000 	C:\Interne\Programme\Mozilla Firefox\MSVCP120.dll
0x6c5a0000 - 0x6c68e000 	C:\Interne\Programme\Mozilla Firefox\MSVCR120.dll
0x6c950000 - 0x6c96d000 	C:\Interne\Programme\Mozilla Firefox\mozglue.dll
0x74ad0000 - 0x74ae6000 	C:\Interne\Programme\Mozilla Firefox\libEGL.dll
0x64340000 - 0x64398000 	C:\Users\xcg0754\AppData\Local\Temp\jogamp_0000\file_cache\jln83746528577186047\jln5089104113661721570\jogl_mobile.dll
0x615e0000 - 0x61cd3000 	C:\WINDOWS\system32\ig8icd32.dll
0x65ed0000 - 0x6673d000 	C:\WINDOWS\system32\igdusc32.dll
0x71b00000 - 0x71b0d000 	C:\WINDOWS\system32\WTSAPI32.dll
0x71060000 - 0x71089000 	C:\WINDOWS\system32\WINSTA.dll
0x74a90000 - 0x74ac9000 	C:\interne\Programme\Jdk8u72x86\jre\bin\fontmanager.dll
0x74a60000 - 0x74a90000 	C:\interne\Programme\Jdk8u72x86\jre\bin\t2k.dll
0x71fa0000 - 0x7208b000 	C:\WINDOWS\system32\dbghelp.dll

VM Arguments:
jvm_args: -Dfile.encoding=Cp1252 
java_command: de.thelearningtriangle.opengl.core.Application
java_class_path (initial): C:\Users\xcg0754\git\thelearningtriangle\TheLearningTriangle\target\classes;C:\Users\xcg0754\.m2\repository\org\jogamp\gluegen\gluegen-rt-main\2.3.1\gluegen-rt-main-2.3.1.jar;C:\Users\xcg0754\.m2\repository\org\jogamp\gluegen\gluegen-rt\2.3.1\gluegen-rt-2.3.1.jar;C:\Users\xcg0754\.m2\repository\org\jogamp\gluegen\gluegen-rt\2.3.1\gluegen-rt-2.3.1-natives-android-aarch64.jar;C:\Users\xcg0754\.m2\repository\org\jogamp\gluegen\gluegen-rt\2.3.1\gluegen-rt-2.3.1-natives-android-armv6.jar;C:\Users\xcg0754\.m2\repository\org\jogamp\gluegen\gluegen-rt\2.3.1\gluegen-rt-2.3.1-natives-linux-amd64.jar;C:\Users\xcg0754\.m2\repository\org\jogamp\gluegen\gluegen-rt\2.3.1\gluegen-rt-2.3.1-natives-linux-armv6.jar;C:\Users\xcg0754\.m2\repository\org\jogamp\gluegen\gluegen-rt\2.3.1\gluegen-rt-2.3.1-natives-linux-armv6hf.jar;C:\Users\xcg0754\.m2\repository\org\jogamp\gluegen\gluegen-rt\2.3.1\gluegen-rt-2.3.1-natives-linux-i586.jar;C:\Users\xcg0754\.m2\repository\org\jogamp\gluegen\gluegen-rt\2.3.1\gluegen-rt-2.3.1-natives-macosx-universal.jar;C:\Users\xcg0754\.m2\repository\org\jogamp\gluegen\gluegen-rt\2.3.1\gluegen-rt-2.3.1-natives-solaris-amd64.jar;C:\Users\xcg0754\.m2\repository\org\jogamp\gluegen\gluegen-rt\2.3.1\gluegen-rt-2.3.1-natives-solaris-i586.jar;C:\Users\xcg0754\.m2\repository\org\jogamp\gluegen\gluegen-rt\2.3.1\gluegen-rt-2.3.1-natives-windows-amd64.jar;C:\Users\xcg0754\.m2\repository\org\jogamp\gluegen\gluegen-rt\2.3.1\gluegen-rt-2.3.1-natives-windows-i586.jar;C:\Users\xcg0754\.m2\repository\org\jogamp\jogl\jogl-all-main\2.3.1\jogl-all-main-2.3.1.jar;C:\Users\xcg0754\.m2\repository\org\jogamp\jogl\jogl-all\2.3.1\jogl-all-2.3.1.jar;C:\Users\xcg0754\.m2\repository\org\jogamp\jogl\jogl-all\2.3.1\jogl-all-2.3.1-natives-android-aarch64.jar;C:\Users\xcg0754\.m2\repository\org\jogamp\jogl\jogl-all\2.3.1\jogl-all-2.3.1-natives-android-armv6.jar;C:\Users\xcg0754\.m2\repository\org\jogamp\jogl\jogl-all\2.3.1\jogl-all-2.3.1-natives-linux-amd64.jar;C:\U
Launcher Type: SUN_STANDARD

Environment Variables:
JAVA_HOME=C:\interne\Programme\Jdk7u10
JRE_HOME=C:\interne\Programme\Jdk7u10\jre\
PATH=C:\WINDOWS\system32;C:\WINDOWS;C:\WINDOWS\System32\Wbem;C:\WINDOWS\System32\WindowsPowerShell\v1.0\;C:\Windows\SysWOW64\isvTools;C:\interne\Programme\SM9333\plugins\com.hp.ov.sm.client.thirdparty_9.33.3000\lib;C:\Interne\Programme\SQLLIB\bin;C:\interne\Programme\TortoiseSVN\bin;C:\interne\Programme\PCOM604\;C:\Program Files (x86)\IBM\Trace Facility\;C:\WINDOWS\System32\WindowsPowerShell\v1.0\;C:\WINDOWS\SysWOW64\isvTools\;C:\Interne\Programme\Mozilla Firefox;C:\Users\xcg0754\noBackup\python;C:\Users\xcg0754\noBackup\python\Scripts;C:\Users\xcg0754\noBackup\python\Library\bin;C:\Interne\Programme\UltraEdit32\;C:\apache-maven-3.3.3\bin;C:\Users\xcg0754\noBackup\gradle-2.9\bin;C:\Users\xcg0754\AppData\Local\atom\bin
USERNAME=xcg0754
OS=Windows_NT
PROCESSOR_IDENTIFIER=Intel64 Family 6 Model 61 Stepping 4, GenuineIntel



---------------  S Y S T E M  ---------------

OS: Windows 7 , 64 bit Build 7601 (6.1.7601.23539)

CPU:total 4 (2 cores per cpu, 2 threads per core) family 6 model 61 stepping 4, cmov, cx8, fxsr, mmx, sse, sse2, sse3, ssse3, sse4.1, sse4.2, popcnt, avx, avx2, aes, clmul, erms, 3dnowpref, lzcnt, ht, tsc, tscinvbit, bmi1, bmi2, adx

Memory: 4k page, physical 8260716k(3874592k free), swap 16519572k(11866228k free)

vm_info: Java HotSpot(TM) Client VM (25.72-b15) for windows-x86 JRE (1.8.0_72-b15), built on Dec 22 2015 18:45:53 by "java_re" with MS VC++ 10.0 (VS2010)

time: Wed Oct 19 11:52:32 2016
elapsed time: 17 seconds (0d 0h 0m 17s)

