#
# A fatal error has been detected by the Java Runtime Environment:
#
#  EXCEPTION_ACCESS_VIOLATION (0xc0000005) at pc=0x62c4e25e, pid=6176, tid=3360
#
# JRE version: Java(TM) SE Runtime Environment (8.0_72-b15) (build 1.8.0_72-b15)
# Java VM: Java HotSpot(TM) Client VM (25.72-b15 mixed mode windows-x86 )
# Problematic frame:
# C  [ig8icd32.dll+0x43e25e]
#
# Failed to write core dump. Minidumps are not enabled by default on client versions of Windows
#
# If you would like to submit a bug report, please visit:
#   http://bugreport.java.com/bugreport/crash.jsp
# The crash happened outside the Java Virtual Machine in native code.
# See problematic frame for where to report the bug.
#

---------------  T H R E A D  ---------------

Current thread (0x1697a800):  JavaThread "AWT-EventQueue-0" [_thread_in_native, id=3360, stack(0x175d0000,0x17620000)]

siginfo: ExceptionCode=0xc0000005, reading address 0x00000000

Registers:
EAX=0x00000000, EBX=0x283317d8, ECX=0x00000006, EDX=0x00831000
ESP=0x1761e9c4, EBP=0x1761e9d8, ESI=0x28331820, EDI=0x1a690020
EIP=0x62c4e25e, EFLAGS=0x00010246

Top of Stack: (sp=0x1761e9c4)
0x1761e9c4:   1a690020 0084c000 28331820 28331854
0x1761e9d4:   00831000 1761e9f8 62c4df8b 00000000
0x1761e9e4:   1a6e10a0 39562af4 007edd50 62c46915
0x1761e9f4:   395c9b30 1761ea0c 629f8af9 1a690020
0x1761ea04:   28331820 28389c7c 1761ea40 62895dac
0x1761ea14:   1a690020 28389c20 00000000 1746a258
0x1761ea24:   628b996b 000016ac 628126e5 0084c000
0x1761ea34:   00000000 00000000 1746a258 1761ea5c 

Instructions: (pc=0x62c4e25e)
0x62c4e23e:   83 b8 98 02 00 00 01 74 0a 8d 47 0c 50 ff 15 2c
0x62c4e24e:   22 cc 62 5f 8b e5 5d c2 08 00 8b 82 7c a6 01 00
0x62c4e25e:   8b 08 8b 40 04 39 46 0c 0f 87 78 ff ff ff 72 09
0x62c4e26e:   39 4e 08 0f 87 6d ff ff ff 8b 82 7c a6 01 00 8b 


Register to memory mapping:

EAX=0x00000000 is an unknown value
EBX=0x283317d8 is an unknown value
ECX=0x00000006 is an unknown value
EDX=0x00831000 is an unknown value
ESP=0x1761e9c4 is pointing into the stack for thread: 0x1697a800
EBP=0x1761e9d8 is pointing into the stack for thread: 0x1697a800
ESI=0x28331820 is an unknown value
EDI=0x1a690020 is an unknown value


Stack: [0x175d0000,0x17620000],  sp=0x1761e9c4,  free space=314k
Native frames: (J=compiled Java code, j=interpreted, Vv=VM code, C=native code)
C  [ig8icd32.dll+0x43e25e]
C  [ig8icd32.dll+0x43df8b]
C  [ig8icd32.dll+0x1e8af9]
C  [ig8icd32.dll+0x85dac]
C  [ig8icd32.dll+0x40dc]
C  [OpenGL32.dll+0x3b97c]
C  [jogl_desktop.dll+0x534af]
j  jogamp.opengl.windows.wgl.WGL.dispatch_wglDeleteContext0(JJ)Z+0
j  jogamp.opengl.windows.wgl.WGL.wglDeleteContext(J)Z+37
j  jogamp.opengl.windows.wgl.WindowsWGLContext.destroyImpl()V+10
j  jogamp.opengl.GLContextImpl.destroy()V+387
j  jogamp.opengl.GLDrawableHelper.disposeGL(Lcom/jogamp/opengl/GLAutoDrawable;Lcom/jogamp/opengl/GLContext;Z)V+137
j  com.jogamp.opengl.awt.GLCanvas$8.run()V+170
J 1055 C1 com.jogamp.opengl.Threading.invoke(ZLjava/lang/Runnable;Ljava/lang/Object;)V (33 bytes) @ 0x02ab127c [0x02ab1230+0x4c]
j  com.jogamp.opengl.awt.GLCanvas.destroyImpl(Z)V+9
j  com.jogamp.opengl.awt.GLCanvas$2.run()V+5
j  com.jogamp.nativewindow.awt.AWTWindowClosingProtocol$WindowClosingAdapter.windowClosing(Ljava/awt/event/WindowEvent;)V+22
j  java.awt.Window.processWindowEvent(Ljava/awt/event/WindowEvent;)V+68
j  javax.swing.JFrame.processWindowEvent(Ljava/awt/event/WindowEvent;)V+2
j  java.awt.Window.processEvent(Ljava/awt/AWTEvent;)V+69
j  java.awt.Component.dispatchEventImpl(Ljava/awt/AWTEvent;)V+589
j  java.awt.Container.dispatchEventImpl(Ljava/awt/AWTEvent;)V+42
j  java.awt.Window.dispatchEventImpl(Ljava/awt/AWTEvent;)V+19
J 897 C1 java.awt.EventQueue.dispatchEventImpl(Ljava/awt/AWTEvent;Ljava/lang/Object;)V (149 bytes) @ 0x02a788e0 [0x02a78490+0x450]
J 1300 C1 java.awt.EventQueue$3.run()Ljava/lang/Void; (60 bytes) @ 0x02b09c5c [0x02b09c00+0x5c]
J 1299 C1 java.awt.EventQueue$3.run()Ljava/lang/Object; (5 bytes) @ 0x02b099e0 [0x02b099c0+0x20]
v  ~StubRoutines::call_stub
V  [jvm.dll+0x158f95]
V  [jvm.dll+0x21e54e]
V  [jvm.dll+0x15902e]
V  [jvm.dll+0x1098df]
C  [java.dll+0x102f]
J 874 C1 java.security.ProtectionDomain$JavaSecurityAccessImpl.doIntersectionPrivilege(Ljava/security/PrivilegedAction;Ljava/security/AccessControlContext;Ljava/security/AccessControlContext;)Ljava/lang/Object; (22 bytes) @ 0x02a71e40 [0x02a71d40+0x100]
j  java.security.ProtectionDomain$JavaSecurityAccessImpl.doIntersectionPrivilege(Ljava/security/PrivilegedAction;Ljava/security/AccessControlContext;)Ljava/lang/Object;+6
j  java.awt.EventQueue$4.run()Ljava/lang/Void;+11
j  java.awt.EventQueue$4.run()Ljava/lang/Object;+1
v  ~StubRoutines::call_stub
V  [jvm.dll+0x158f95]
V  [jvm.dll+0x21e54e]
V  [jvm.dll+0x15902e]
V  [jvm.dll+0x1098df]
C  [java.dll+0x102f]
J 892 C1 java.awt.EventQueue.dispatchEvent(Ljava/awt/AWTEvent;)V (80 bytes) @ 0x02a76e5c [0x02a76b00+0x35c]
J 692 C1 java.awt.EventDispatchThread.pumpOneEventForFilters(I)V (295 bytes) @ 0x02a34f14 [0x02a34880+0x694]
j  java.awt.EventDispatchThread.pumpEventsForFilter(ILjava/awt/Conditional;Ljava/awt/EventFilter;)V+35
j  java.awt.EventDispatchThread.pumpEventsForHierarchy(ILjava/awt/Conditional;Ljava/awt/Component;)V+11
j  java.awt.EventDispatchThread.pumpEvents(ILjava/awt/Conditional;)V+4
j  java.awt.EventDispatchThread.pumpEvents(Ljava/awt/Conditional;)V+3
j  java.awt.EventDispatchThread.run()V+9
v  ~StubRoutines::call_stub
V  [jvm.dll+0x158f95]
V  [jvm.dll+0x21e54e]
V  [jvm.dll+0x15902e]
V  [jvm.dll+0x1591b6]
V  [jvm.dll+0x159227]
V  [jvm.dll+0xfd9ef]
V  [jvm.dll+0x17c34c]
V  [jvm.dll+0x17c43a]
V  [jvm.dll+0x1c0a76]
C  [MSVCR100.dll+0x5c556]
C  [MSVCR100.dll+0x5c600]
C  [kernel32.dll+0x1336a]
C  [ntdll.dll+0x39902]
C  [ntdll.dll+0x398d5]
C  0x00000000

Java frames: (J=compiled Java code, j=interpreted, Vv=VM code)
j  jogamp.opengl.windows.wgl.WGL.dispatch_wglDeleteContext0(JJ)Z+0
j  jogamp.opengl.windows.wgl.WGL.wglDeleteContext(J)Z+37
j  jogamp.opengl.windows.wgl.WindowsWGLContext.destroyImpl()V+10
j  jogamp.opengl.GLContextImpl.destroy()V+387
j  jogamp.opengl.GLDrawableHelper.disposeGL(Lcom/jogamp/opengl/GLAutoDrawable;Lcom/jogamp/opengl/GLContext;Z)V+137
j  com.jogamp.opengl.awt.GLCanvas$8.run()V+170
J 1055 C1 com.jogamp.opengl.Threading.invoke(ZLjava/lang/Runnable;Ljava/lang/Object;)V (33 bytes) @ 0x02ab127c [0x02ab1230+0x4c]
j  com.jogamp.opengl.awt.GLCanvas.destroyImpl(Z)V+9
j  com.jogamp.opengl.awt.GLCanvas$2.run()V+5
j  com.jogamp.nativewindow.awt.AWTWindowClosingProtocol$WindowClosingAdapter.windowClosing(Ljava/awt/event/WindowEvent;)V+22
j  java.awt.Window.processWindowEvent(Ljava/awt/event/WindowEvent;)V+68
j  javax.swing.JFrame.processWindowEvent(Ljava/awt/event/WindowEvent;)V+2
j  java.awt.Window.processEvent(Ljava/awt/AWTEvent;)V+69
j  java.awt.Component.dispatchEventImpl(Ljava/awt/AWTEvent;)V+589
j  java.awt.Container.dispatchEventImpl(Ljava/awt/AWTEvent;)V+42
j  java.awt.Window.dispatchEventImpl(Ljava/awt/AWTEvent;)V+19
J 897 C1 java.awt.EventQueue.dispatchEventImpl(Ljava/awt/AWTEvent;Ljava/lang/Object;)V (149 bytes) @ 0x02a788e0 [0x02a78490+0x450]
J 1300 C1 java.awt.EventQueue$3.run()Ljava/lang/Void; (60 bytes) @ 0x02b09c5c [0x02b09c00+0x5c]
J 1299 C1 java.awt.EventQueue$3.run()Ljava/lang/Object; (5 bytes) @ 0x02b099e0 [0x02b099c0+0x20]
v  ~StubRoutines::call_stub
J 873  java.security.AccessController.doPrivileged(Ljava/security/PrivilegedAction;Ljava/security/AccessControlContext;)Ljava/lang/Object; (0 bytes) @ 0x02a71ac7 [0x02a71a60+0x67]
J 874 C1 java.security.ProtectionDomain$JavaSecurityAccessImpl.doIntersectionPrivilege(Ljava/security/PrivilegedAction;Ljava/security/AccessControlContext;Ljava/security/AccessControlContext;)Ljava/lang/Object; (22 bytes) @ 0x02a71e40 [0x02a71d40+0x100]
j  java.security.ProtectionDomain$JavaSecurityAccessImpl.doIntersectionPrivilege(Ljava/security/PrivilegedAction;Ljava/security/AccessControlContext;)Ljava/lang/Object;+6
j  java.awt.EventQueue$4.run()Ljava/lang/Void;+11
j  java.awt.EventQueue$4.run()Ljava/lang/Object;+1
v  ~StubRoutines::call_stub
J 873  java.security.AccessController.doPrivileged(Ljava/security/PrivilegedAction;Ljava/security/AccessControlContext;)Ljava/lang/Object; (0 bytes) @ 0x02a71ac7 [0x02a71a60+0x67]
J 892 C1 java.awt.EventQueue.dispatchEvent(Ljava/awt/AWTEvent;)V (80 bytes) @ 0x02a76e5c [0x02a76b00+0x35c]
J 692 C1 java.awt.EventDispatchThread.pumpOneEventForFilters(I)V (295 bytes) @ 0x02a34f14 [0x02a34880+0x694]
j  java.awt.EventDispatchThread.pumpEventsForFilter(ILjava/awt/Conditional;Ljava/awt/EventFilter;)V+35
j  java.awt.EventDispatchThread.pumpEventsForHierarchy(ILjava/awt/Conditional;Ljava/awt/Component;)V+11
j  java.awt.EventDispatchThread.pumpEvents(ILjava/awt/Conditional;)V+4
j  java.awt.EventDispatchThread.pumpEvents(Ljava/awt/Conditional;)V+3
j  java.awt.EventDispatchThread.run()V+9
v  ~StubRoutines::call_stub

---------------  P R O C E S S  ---------------

Java Threads: ( => current thread )
  0x15f41400 JavaThread "ForkJoinPool.commonPool-worker-0" daemon [_thread_blocked, id=2012, stack(0x19790000,0x197e0000)]
  0x15f41000 JavaThread "ForkJoinPool.commonPool-worker-2" daemon [_thread_blocked, id=3508, stack(0x198b0000,0x19900000)]
  0x0232d800 JavaThread "DestroyJavaVM" [_thread_blocked, id=5140, stack(0x025a0000,0x025f0000)]
=>0x1697a800 JavaThread "AWT-EventQueue-0" [_thread_in_native, id=3360, stack(0x175d0000,0x17620000)]
  0x1697a400 JavaThread "AWT-Shutdown" [_thread_blocked, id=4984, stack(0x18720000,0x18770000)]
  0x15fda400 JavaThread "main-SharedResourceRunner" daemon [_thread_blocked, id=1428, stack(0x162b0000,0x16300000)]
  0x15226400 JavaThread "AWT-Windows" daemon [_thread_in_native, id=2528, stack(0x15820000,0x15870000)]
  0x15222c00 JavaThread "Java2D Disposer" daemon [_thread_blocked, id=4944, stack(0x15880000,0x158d0000)]
  0x15091000 JavaThread "Service Thread" daemon [_thread_blocked, id=1832, stack(0x154a0000,0x154f0000)]
  0x1509d800 JavaThread "C1 CompilerThread0" daemon [_thread_blocked, id=1104, stack(0x022b0000,0x02300000)]
  0x1509c400 JavaThread "Attach Listener" daemon [_thread_blocked, id=964, stack(0x049b0000,0x04a00000)]
  0x15099400 JavaThread "Signal Dispatcher" daemon [_thread_blocked, id=4848, stack(0x15450000,0x154a0000)]
  0x15077000 JavaThread "Finalizer" daemon [_thread_blocked, id=6584, stack(0x152d0000,0x15320000)]
  0x15051800 JavaThread "Reference Handler" daemon [_thread_blocked, id=6052, stack(0x15230000,0x15280000)]

Other Threads:
  0x022aec00 VMThread [stack: 0x04910000,0x04960000] [id=6496]
  0x15092c00 WatcherThread [stack: 0x15500000,0x15550000] [id=2080]

VM state:not at safepoint (normal execution)

VM Mutex/Monitor currently owned by a thread: None

Heap:
 def new generation   total 4928K, used 1035K [0x04a00000, 0x04f50000, 0x09f50000)
  eden space 4416K,  20% used [0x04a00000, 0x04ae5f48, 0x04e50000)
  from space 512K,  22% used [0x04e50000, 0x04e6ce48, 0x04ed0000)
  to   space 512K,   0% used [0x04ed0000, 0x04ed0000, 0x04f50000)
 tenured generation   total 10944K, used 7736K [0x09f50000, 0x0aa00000, 0x14a00000)
   the space 10944K,  70% used [0x09f50000, 0x0a6de178, 0x0a6de200, 0x0aa00000)
 Metaspace       used 10265K, capacity 10505K, committed 10624K, reserved 10624K

Card table byte_map: [0x02430000,0x024c0000] byte_map_base: 0x0240b000

Polling page: 0x00170000

CodeCache: size=32768Kb used=2366Kb max_used=2366Kb free=30401Kb
 bounds [0x028c0000, 0x02b10000, 0x048c0000]
 total_blobs=1739 nmethods=1309 adapters=361
 compilation: enabled

Compilation events (10 events):
Event: 10.637 Thread 0x1509d800 1304             com.jogamp.nativewindow.awt.JAWTWindow::surfaceSwap (2 bytes)
Event: 10.637 Thread 0x1509d800 nmethod 1304 0x02b0c248 code [0x02b0c340, 0x02b0c3c0]
Event: 10.638 Thread 0x1509d800 1305             com.jogamp.nativewindow.awt.JAWTWindow::surfaceUpdated (11 bytes)
Event: 10.638 Thread 0x1509d800 nmethod 1305 0x02b0c408 code [0x02b0c510, 0x02b0c5bc]
Event: 12.743 Thread 0x1509d800 1306 %           java.lang.ref.Reference$ReferenceHandler::run @ 0 (8 bytes)
Event: 12.743 Thread 0x1509d800 nmethod 1306% 0x02b0c648 code [0x02b0c750, 0x02b0c7fc]
Event: 20.418 Thread 0x1509d800 1307             sun.nio.cs.SingleByte$Encoder::encodeArrayLoop (236 bytes)
Event: 20.420 Thread 0x1509d800 nmethod 1307 0x02b0c888 code [0x02b0cba0, 0x02b0d69c]
Event: 25.332 Thread 0x1509d800 1308   !         sun.awt.AWTAutoShutdown::setToolkitBusy (124 bytes)
Event: 25.333 Thread 0x1509d800 nmethod 1308 0x02b0ec88 code [0x02b0edd0, 0x02b0f23c]

GC Heap History (10 events):
Event: 19.894 GC heap before
{Heap before GC invocations=161 (full 0):
 def new generation   total 4928K, used 4531K [0x04a00000, 0x04f50000, 0x09f50000)
  eden space 4416K, 100% used [0x04a00000, 0x04e50000, 0x04e50000)
  from space 512K,  22% used [0x04ed0000, 0x04eece48, 0x04f50000)
  to   space 512K,   0% used [0x04e50000, 0x04e50000, 0x04ed0000)
 tenured generation   total 10944K, used 7707K [0x09f50000, 0x0aa00000, 0x14a00000)
   the space 10944K,  70% used [0x09f50000, 0x0a6d6fb8, 0x0a6d7000, 0x0aa00000)
 Metaspace       used 10262K, capacity 10505K, committed 10624K, reserved 10624K
Event: 19.895 GC heap after
Heap after GC invocations=162 (full 0):
 def new generation   total 4928K, used 115K [0x04a00000, 0x04f50000, 0x09f50000)
  eden space 4416K,   0% used [0x04a00000, 0x04a00000, 0x04e50000)
  from space 512K,  22% used [0x04e50000, 0x04e6ce48, 0x04ed0000)
  to   space 512K,   0% used [0x04ed0000, 0x04ed0000, 0x04f50000)
 tenured generation   total 10944K, used 7713K [0x09f50000, 0x0aa00000, 0x14a00000)
   the space 10944K,  70% used [0x09f50000, 0x0a6d8678, 0x0a6d8800, 0x0aa00000)
 Metaspace       used 10262K, capacity 10505K, committed 10624K, reserved 10624K
}
Event: 19.977 GC heap before
{Heap before GC invocations=162 (full 0):
 def new generation   total 4928K, used 4531K [0x04a00000, 0x04f50000, 0x09f50000)
  eden space 4416K, 100% used [0x04a00000, 0x04e50000, 0x04e50000)
  from space 512K,  22% used [0x04e50000, 0x04e6ce48, 0x04ed0000)
  to   space 512K,   0% used [0x04ed0000, 0x04ed0000, 0x04f50000)
 tenured generation   total 10944K, used 7713K [0x09f50000, 0x0aa00000, 0x14a00000)
   the space 10944K,  70% used [0x09f50000, 0x0a6d8678, 0x0a6d8800, 0x0aa00000)
 Metaspace       used 10262K, capacity 10505K, committed 10624K, reserved 10624K
Event: 19.979 GC heap after
Heap after GC invocations=163 (full 0):
 def new generation   total 4928K, used 115K [0x04a00000, 0x04f50000, 0x09f50000)
  eden space 4416K,   0% used [0x04a00000, 0x04a00000, 0x04e50000)
  from space 512K,  22% used [0x04ed0000, 0x04eece48, 0x04f50000)
  to   space 512K,   0% used [0x04e50000, 0x04e50000, 0x04ed0000)
 tenured generation   total 10944K, used 7719K [0x09f50000, 0x0aa00000, 0x14a00000)
   the space 10944K,  70% used [0x09f50000, 0x0a6d9d38, 0x0a6d9e00, 0x0aa00000)
 Metaspace       used 10262K, capacity 10505K, committed 10624K, reserved 10624K
}
Event: 20.075 GC heap before
{Heap before GC invocations=163 (full 0):
 def new generation   total 4928K, used 4531K [0x04a00000, 0x04f50000, 0x09f50000)
  eden space 4416K, 100% used [0x04a00000, 0x04e50000, 0x04e50000)
  from space 512K,  22% used [0x04ed0000, 0x04eece48, 0x04f50000)
  to   space 512K,   0% used [0x04e50000, 0x04e50000, 0x04ed0000)
 tenured generation   total 10944K, used 7719K [0x09f50000, 0x0aa00000, 0x14a00000)
   the space 10944K,  70% used [0x09f50000, 0x0a6d9d38, 0x0a6d9e00, 0x0aa00000)
 Metaspace       used 10262K, capacity 10505K, committed 10624K, reserved 10624K
Event: 20.078 GC heap after
Heap after GC invocations=164 (full 0):
 def new generation   total 4928K, used 115K [0x04a00000, 0x04f50000, 0x09f50000)
  eden space 4416K,   0% used [0x04a00000, 0x04a00000, 0x04e50000)
  from space 512K,  22% used [0x04e50000, 0x04e6ce48, 0x04ed0000)
  to   space 512K,   0% used [0x04ed0000, 0x04ed0000, 0x04f50000)
 tenured generation   total 10944K, used 7724K [0x09f50000, 0x0aa00000, 0x14a00000)
   the space 10944K,  70% used [0x09f50000, 0x0a6db3f8, 0x0a6db400, 0x0aa00000)
 Metaspace       used 10262K, capacity 10505K, committed 10624K, reserved 10624K
}
Event: 20.229 GC heap before
{Heap before GC invocations=164 (full 0):
 def new generation   total 4928K, used 4531K [0x04a00000, 0x04f50000, 0x09f50000)
  eden space 4416K, 100% used [0x04a00000, 0x04e50000, 0x04e50000)
  from space 512K,  22% used [0x04e50000, 0x04e6ce48, 0x04ed0000)
  to   space 512K,   0% used [0x04ed0000, 0x04ed0000, 0x04f50000)
 tenured generation   total 10944K, used 7724K [0x09f50000, 0x0aa00000, 0x14a00000)
   the space 10944K,  70% used [0x09f50000, 0x0a6db3f8, 0x0a6db400, 0x0aa00000)
 Metaspace       used 10262K, capacity 10505K, committed 10624K, reserved 10624K
Event: 20.230 GC heap after
Heap after GC invocations=165 (full 0):
 def new generation   total 4928K, used 115K [0x04a00000, 0x04f50000, 0x09f50000)
  eden space 4416K,   0% used [0x04a00000, 0x04a00000, 0x04e50000)
  from space 512K,  22% used [0x04ed0000, 0x04eece48, 0x04f50000)
  to   space 512K,   0% used [0x04e50000, 0x04e50000, 0x04ed0000)
 tenured generation   total 10944K, used 7730K [0x09f50000, 0x0aa00000, 0x14a00000)
   the space 10944K,  70% used [0x09f50000, 0x0a6dcab8, 0x0a6dcc00, 0x0aa00000)
 Metaspace       used 10262K, capacity 10505K, committed 10624K, reserved 10624K
}
Event: 20.390 GC heap before
{Heap before GC invocations=165 (full 0):
 def new generation   total 4928K, used 4531K [0x04a00000, 0x04f50000, 0x09f50000)
  eden space 4416K, 100% used [0x04a00000, 0x04e50000, 0x04e50000)
  from space 512K,  22% used [0x04ed0000, 0x04eece48, 0x04f50000)
  to   space 512K,   0% used [0x04e50000, 0x04e50000, 0x04ed0000)
 tenured generation   total 10944K, used 7730K [0x09f50000, 0x0aa00000, 0x14a00000)
   the space 10944K,  70% used [0x09f50000, 0x0a6dcab8, 0x0a6dcc00, 0x0aa00000)
 Metaspace       used 10262K, capacity 10505K, committed 10624K, reserved 10624K
Event: 20.391 GC heap after
Heap after GC invocations=166 (full 0):
 def new generation   total 4928K, used 115K [0x04a00000, 0x04f50000, 0x09f50000)
  eden space 4416K,   0% used [0x04a00000, 0x04a00000, 0x04e50000)
  from space 512K,  22% used [0x04e50000, 0x04e6ce48, 0x04ed0000)
  to   space 512K,   0% used [0x04ed0000, 0x04ed0000, 0x04f50000)
 tenured generation   total 10944K, used 7736K [0x09f50000, 0x0aa00000, 0x14a00000)
   the space 10944K,  70% used [0x09f50000, 0x0a6de178, 0x0a6de200, 0x0aa00000)
 Metaspace       used 10262K, capacity 10505K, committed 10624K, reserved 10624K
}

Deoptimization events (0 events):
No events

Internal exceptions (10 events):
Event: 0.414 Thread 0x0232d800 Exception <a 'java/security/PrivilegedActionException'> (0x04b1ef00) thrown at [D:\re\workspace\8-2-build-windows-i586-cygwin\jdk8u72\5732\hotspot\src\share\vm\prims\jvm.cpp, line 1386]
Event: 0.414 Thread 0x0232d800 Exception <a 'java/security/PrivilegedActionException'> (0x04b1f100) thrown at [D:\re\workspace\8-2-build-windows-i586-cygwin\jdk8u72\5732\hotspot\src\share\vm\prims\jvm.cpp, line 1386]
Event: 0.415 Thread 0x0232d800 Exception <a 'java/security/PrivilegedActionException'> (0x04b37cc0) thrown at [D:\re\workspace\8-2-build-windows-i586-cygwin\jdk8u72\5732\hotspot\src\share\vm\prims\jvm.cpp, line 1386]
Event: 0.415 Thread 0x0232d800 Exception <a 'java/security/PrivilegedActionException'> (0x04b37ec0) thrown at [D:\re\workspace\8-2-build-windows-i586-cygwin\jdk8u72\5732\hotspot\src\share\vm\prims\jvm.cpp, line 1386]
Event: 0.423 Thread 0x0232d800 Exception <a 'java/io/FileNotFoundException'> (0x04b3a898) thrown at [D:\re\workspace\8-2-build-windows-i586-cygwin\jdk8u72\5732\hotspot\src\share\vm\prims\jni.cpp, line 709]
Event: 0.482 Thread 0x0232d800 Exception <a 'java/lang/NoSuchFieldError': method resolution failed> (0x04bf52f8) thrown at [D:\re\workspace\8-2-build-windows-i586-cygwin\jdk8u72\5732\hotspot\src\share\vm\prims\methodHandles.cpp, line 1146]
Event: 0.486 Thread 0x0232d800 Exception <a 'java/lang/NoSuchFieldError': method resolution failed> (0x04c014e8) thrown at [D:\re\workspace\8-2-build-windows-i586-cygwin\jdk8u72\5732\hotspot\src\share\vm\prims\methodHandles.cpp, line 1146]
Event: 0.568 Thread 0x0232d800 Exception <a 'java/io/FileNotFoundException'> (0x04c897f0) thrown at [D:\re\workspace\8-2-build-windows-i586-cygwin\jdk8u72\5732\hotspot\src\share\vm\prims\jni.cpp, line 709]
Event: 5.354 Thread 0x0232d800 Exception <a 'java/lang/InterruptedException'> (0x04bb7e40) thrown at [D:\re\workspace\8-2-build-windows-i586-cygwin\jdk8u72\5732\hotspot\src\share\vm\runtime\objectMonitor.cpp, line 1684]
Event: 5.472 Thread 0x0232d800 Exception <a 'java/lang/reflect/InvocationTargetException'> (0x04cdbb98) thrown at [D:\re\workspace\8-2-build-windows-i586-cygwin\jdk8u72\5732\hotspot\src\share\vm\runtime\reflection.cpp, line 1092]

Events (10 events):
Event: 20.418 Executing VM operation: RevokeBias
Event: 20.418 Executing VM operation: RevokeBias done
Event: 20.419 Executing VM operation: RevokeBias
Event: 20.419 Executing VM operation: RevokeBias done
Event: 20.419 Thread 0x1698bc00 Thread exited: 0x1698bc00
Event: 26.272 Executing VM operation: RevokeBias
Event: 26.273 Executing VM operation: RevokeBias done
Event: 26.273 Thread 0x15f40800 Thread exited: 0x15f40800
Event: 26.274 Executing VM operation: RevokeBias
Event: 26.274 Executing VM operation: RevokeBias done


Dynamic libraries:
0x00380000 - 0x003b3000 	C:\interne\Programme\Jdk8u72x86\bin\javaw.exe
0x77780000 - 0x77900000 	C:\WINDOWS\SysWOW64\ntdll.dll
0x759d0000 - 0x75ae0000 	C:\WINDOWS\syswow64\kernel32.dll
0x77330000 - 0x77377000 	C:\WINDOWS\syswow64\KERNELBASE.dll
0x73690000 - 0x736fe000 	C:\WINDOWS\SysWOW64\SYSFER.DLL
0x75690000 - 0x75731000 	C:\WINDOWS\syswow64\ADVAPI32.dll
0x76930000 - 0x769dc000 	C:\WINDOWS\syswow64\msvcrt.dll
0x75c60000 - 0x75c79000 	C:\WINDOWS\SysWOW64\sechost.dll
0x76f80000 - 0x77070000 	C:\WINDOWS\syswow64\RPCRT4.dll
0x75070000 - 0x750d0000 	C:\WINDOWS\syswow64\SspiCli.dll
0x75060000 - 0x7506c000 	C:\WINDOWS\syswow64\CRYPTBASE.dll
0x771f0000 - 0x772f0000 	C:\WINDOWS\syswow64\USER32.dll
0x76c20000 - 0x76cb0000 	C:\WINDOWS\syswow64\GDI32.dll
0x769e0000 - 0x769ea000 	C:\WINDOWS\syswow64\LPK.dll
0x76b40000 - 0x76bdd000 	C:\WINDOWS\syswow64\USP10.dll
0x727d0000 - 0x7296e000 	C:\WINDOWS\WinSxS\x86_microsoft.windows.common-controls_6595b64144ccf1df_6.0.7601.18837_none_41e855142bd5705d\COMCTL32.dll
0x76f20000 - 0x76f77000 	C:\WINDOWS\syswow64\SHLWAPI.dll
0x75c80000 - 0x75ce0000 	C:\WINDOWS\system32\IMM32.DLL
0x770f0000 - 0x771bc000 	C:\WINDOWS\syswow64\MSCTF.dll
0x63210000 - 0x635d8000 	C:\interne\Programme\Jdk8u72x86\jre\bin\client\jvm.dll
0x71d80000 - 0x71d87000 	C:\WINDOWS\system32\WSOCK32.dll
0x772f0000 - 0x77325000 	C:\WINDOWS\syswow64\WS2_32.dll
0x76a80000 - 0x76a86000 	C:\WINDOWS\syswow64\NSI.dll
0x72a10000 - 0x72a42000 	C:\WINDOWS\system32\WINMM.dll
0x73120000 - 0x73129000 	C:\WINDOWS\system32\VERSION.dll
0x757e0000 - 0x757e5000 	C:\WINDOWS\syswow64\PSAPI.DLL
0x72fa0000 - 0x7305f000 	C:\WINDOWS\system32\MSVCR100.dll
0x74c20000 - 0x74c2c000 	C:\interne\Programme\Jdk8u72x86\jre\bin\verify.dll
0x74bf0000 - 0x74c11000 	C:\interne\Programme\Jdk8u72x86\jre\bin\java.dll
0x74b90000 - 0x74ba3000 	C:\interne\Programme\Jdk8u72x86\jre\bin\zip.dll
0x75ce0000 - 0x7692c000 	C:\WINDOWS\syswow64\SHELL32.dll
0x75af0000 - 0x75c4d000 	C:\WINDOWS\syswow64\ole32.dll
0x76be0000 - 0x76beb000 	C:\WINDOWS\syswow64\profapi.dll
0x71260000 - 0x713a5000 	C:\interne\Programme\Jdk8u72x86\jre\bin\awt.dll
0x75740000 - 0x757d1000 	C:\WINDOWS\syswow64\OLEAUT32.dll
0x72970000 - 0x72983000 	C:\WINDOWS\system32\DWMAPI.DLL
0x72990000 - 0x72a10000 	C:\WINDOWS\system32\uxtheme.dll
0x00350000 - 0x00371000 	C:\interne\Programme\Hardcopy\HcDLL2_38_Win32.dll
0x71910000 - 0x71927000 	C:\WINDOWS\system32\CRYPTSP.dll
0x718d0000 - 0x7190b000 	C:\WINDOWS\system32\rsaenh.dll
0x76bf0000 - 0x76c07000 	C:\WINDOWS\syswow64\USERENV.dll
0x74b70000 - 0x74b86000 	C:\interne\Programme\Jdk8u72x86\jre\bin\net.dll
0x71d40000 - 0x71d7c000 	C:\WINDOWS\system32\mswsock.dll
0x71bb0000 - 0x71bb6000 	C:\WINDOWS\System32\wship6.dll
0x720f0000 - 0x7210c000 	C:\WINDOWS\system32\IPHLPAPI.DLL
0x720e0000 - 0x720e7000 	C:\WINDOWS\system32\WINNSI.DLL
0x71b90000 - 0x71ba2000 	C:\WINDOWS\system32\dhcpcsvc.DLL
0x71b80000 - 0x71b8d000 	C:\WINDOWS\system32\dhcpcsvc6.DLL
0x74b60000 - 0x74b6f000 	C:\interne\Programme\Jdk8u72x86\jre\bin\nio.dll
0x72e30000 - 0x72e7c000 	C:\WINDOWS\system32\apphelp.dll
0x637c0000 - 0x637cb000 	C:\Users\xcg0754\AppData\Local\Temp\jogamp_0000\file_cache\jln2840525562850947394\jln8135434683071546686\gluegen-rt.dll
0x749f0000 - 0x749f6000 	C:\interne\Programme\Jdk8u72x86\jre\bin\jawt.dll
0x6a440000 - 0x6a44b000 	C:\Users\xcg0754\AppData\Local\Temp\jogamp_0000\file_cache\jln2840525562850947394\jln8135434683071546686\nativewindow_awt.dll
0x6c100000 - 0x6c10d000 	C:\Users\xcg0754\AppData\Local\Temp\jogamp_0000\file_cache\jln2840525562850947394\jln8135434683071546686\nativewindow_win32.dll
0x6b850000 - 0x6b918000 	C:\WINDOWS\system32\OpenGL32.dll
0x74720000 - 0x74742000 	C:\WINDOWS\system32\GLU32.dll
0x6d040000 - 0x6d127000 	C:\WINDOWS\system32\DDRAW.dll
0x749e0000 - 0x749e6000 	C:\WINDOWS\system32\DCIMAN32.dll
0x757f0000 - 0x7598d000 	C:\WINDOWS\syswow64\SETUPAPI.dll
0x771c0000 - 0x771e7000 	C:\WINDOWS\syswow64\CFGMGR32.dll
0x750d0000 - 0x750e2000 	C:\WINDOWS\syswow64\DEVOBJ.dll
0x64500000 - 0x6459d000 	C:\Users\xcg0754\AppData\Local\Temp\jogamp_0000\file_cache\jln2840525562850947394\jln8135434683071546686\jogl_desktop.dll
0x630e0000 - 0x63205000 	C:\Interne\Programme\Mozilla Firefox\libGLESv2.dll
0x62f10000 - 0x630d3000 	C:\WINDOWS\system32\d3d9.dll
0x749d0000 - 0x749d6000 	C:\WINDOWS\system32\d3d8thk.dll
0x6c520000 - 0x6c591000 	C:\Interne\Programme\Mozilla Firefox\MSVCP120.dll
0x6c5a0000 - 0x6c68e000 	C:\Interne\Programme\Mozilla Firefox\MSVCR120.dll
0x6c950000 - 0x6c96d000 	C:\Interne\Programme\Mozilla Firefox\mozglue.dll
0x74700000 - 0x74716000 	C:\Interne\Programme\Mozilla Firefox\libEGL.dll
0x64340000 - 0x64398000 	C:\Users\xcg0754\AppData\Local\Temp\jogamp_0000\file_cache\jln2840525562850947394\jln8135434683071546686\jogl_mobile.dll
0x62810000 - 0x62f03000 	C:\WINDOWS\system32\ig8icd32.dll
0x65ed0000 - 0x6673d000 	C:\WINDOWS\system32\igdusc32.dll
0x71b00000 - 0x71b0d000 	C:\WINDOWS\system32\WTSAPI32.dll
0x71060000 - 0x71089000 	C:\WINDOWS\system32\WINSTA.dll
0x74680000 - 0x746b9000 	C:\interne\Programme\Jdk8u72x86\jre\bin\fontmanager.dll
0x74630000 - 0x74660000 	C:\interne\Programme\Jdk8u72x86\jre\bin\t2k.dll
0x02330000 - 0x02342000 	C:\interne\Programme\Hardcopy\hardcopy_05.dll
0x71fa0000 - 0x7208b000 	C:\WINDOWS\system32\dbghelp.dll

VM Arguments:
jvm_args: -Dfile.encoding=Cp1252 
java_command: de.thelearningtriangle.opengl.core.Application
java_class_path (initial): C:\Users\xcg0754\git\thelearningtriangle\TheLearningTriangle\target\classes;C:\Users\xcg0754\.m2\repository\org\jogamp\gluegen\gluegen-rt-main\2.3.1\gluegen-rt-main-2.3.1.jar;C:\Users\xcg0754\.m2\repository\org\jogamp\gluegen\gluegen-rt\2.3.1\gluegen-rt-2.3.1.jar;C:\Users\xcg0754\.m2\repository\org\jogamp\gluegen\gluegen-rt\2.3.1\gluegen-rt-2.3.1-natives-android-aarch64.jar;C:\Users\xcg0754\.m2\repository\org\jogamp\gluegen\gluegen-rt\2.3.1\gluegen-rt-2.3.1-natives-android-armv6.jar;C:\Users\xcg0754\.m2\repository\org\jogamp\gluegen\gluegen-rt\2.3.1\gluegen-rt-2.3.1-natives-linux-amd64.jar;C:\Users\xcg0754\.m2\repository\org\jogamp\gluegen\gluegen-rt\2.3.1\gluegen-rt-2.3.1-natives-linux-armv6.jar;C:\Users\xcg0754\.m2\repository\org\jogamp\gluegen\gluegen-rt\2.3.1\gluegen-rt-2.3.1-natives-linux-armv6hf.jar;C:\Users\xcg0754\.m2\repository\org\jogamp\gluegen\gluegen-rt\2.3.1\gluegen-rt-2.3.1-natives-linux-i586.jar;C:\Users\xcg0754\.m2\repository\org\jogamp\gluegen\gluegen-rt\2.3.1\gluegen-rt-2.3.1-natives-macosx-universal.jar;C:\Users\xcg0754\.m2\repository\org\jogamp\gluegen\gluegen-rt\2.3.1\gluegen-rt-2.3.1-natives-solaris-amd64.jar;C:\Users\xcg0754\.m2\repository\org\jogamp\gluegen\gluegen-rt\2.3.1\gluegen-rt-2.3.1-natives-solaris-i586.jar;C:\Users\xcg0754\.m2\repository\org\jogamp\gluegen\gluegen-rt\2.3.1\gluegen-rt-2.3.1-natives-windows-amd64.jar;C:\Users\xcg0754\.m2\repository\org\jogamp\gluegen\gluegen-rt\2.3.1\gluegen-rt-2.3.1-natives-windows-i586.jar;C:\Users\xcg0754\.m2\repository\org\jogamp\jogl\jogl-all-main\2.3.1\jogl-all-main-2.3.1.jar;C:\Users\xcg0754\.m2\repository\org\jogamp\jogl\jogl-all\2.3.1\jogl-all-2.3.1.jar;C:\Users\xcg0754\.m2\repository\org\jogamp\jogl\jogl-all\2.3.1\jogl-all-2.3.1-natives-android-aarch64.jar;C:\Users\xcg0754\.m2\repository\org\jogamp\jogl\jogl-all\2.3.1\jogl-all-2.3.1-natives-android-armv6.jar;C:\Users\xcg0754\.m2\repository\org\jogamp\jogl\jogl-all\2.3.1\jogl-all-2.3.1-natives-linux-amd64.jar;C:\U
Launcher Type: SUN_STANDARD

Environment Variables:
JAVA_HOME=C:\interne\Programme\Jdk7u10
JRE_HOME=C:\interne\Programme\Jdk7u10\jre\
PATH=C:\WINDOWS\system32;C:\WINDOWS;C:\WINDOWS\System32\Wbem;C:\WINDOWS\System32\WindowsPowerShell\v1.0\;C:\Windows\SysWOW64\isvTools;C:\interne\Programme\SM9333\plugins\com.hp.ov.sm.client.thirdparty_9.33.3000\lib;C:\Interne\Programme\SQLLIB\bin;C:\interne\Programme\TortoiseSVN\bin;C:\interne\Programme\PCOM604\;C:\Program Files (x86)\IBM\Trace Facility\;C:\WINDOWS\System32\WindowsPowerShell\v1.0\;C:\WINDOWS\SysWOW64\isvTools\;C:\Interne\Programme\Mozilla Firefox;C:\Users\xcg0754\noBackup\python;C:\Users\xcg0754\noBackup\python\Scripts;C:\Users\xcg0754\noBackup\python\Library\bin;C:\Interne\Programme\UltraEdit32\;C:\apache-maven-3.3.3\bin;C:\Users\xcg0754\noBackup\gradle-2.9\bin;C:\Users\xcg0754\AppData\Local\atom\bin
USERNAME=xcg0754
OS=Windows_NT
PROCESSOR_IDENTIFIER=Intel64 Family 6 Model 61 Stepping 4, GenuineIntel



---------------  S Y S T E M  ---------------

OS: Windows 7 , 64 bit Build 7601 (6.1.7601.23539)

CPU:total 4 (2 cores per cpu, 2 threads per core) family 6 model 61 stepping 4, cmov, cx8, fxsr, mmx, sse, sse2, sse3, ssse3, sse4.1, sse4.2, popcnt, avx, avx2, aes, clmul, erms, 3dnowpref, lzcnt, ht, tsc, tscinvbit, bmi1, bmi2, adx

Memory: 4k page, physical 8260716k(3251936k free), swap 16519572k(11171640k free)

vm_info: Java HotSpot(TM) Client VM (25.72-b15) for windows-x86 JRE (1.8.0_72-b15), built on Dec 22 2015 18:45:53 by "java_re" with MS VC++ 10.0 (VS2010)

time: Wed Oct 19 13:59:01 2016
elapsed time: 26 seconds (0d 0h 0m 26s)

